GROUP,PACKAGE,CLASS,INSTRUCTION_MISSED,INSTRUCTION_COVERED,BRANCH_MISSED,BRANCH_COVERED,LINE_MISSED,LINE_COVERED,COMPLEXITY_MISSED,COMPLEXITY_COVERED,METHOD_MISSED,METHOD_COVERED
kernel-smsserviceprovider-mtn,io.mosip.kernel.smsserviceprovider.mtn.impl,SMSServiceProviderImpl,7,139,2,4,2,25,2,4,0,3
kernel-smsserviceprovider-mtn,io.mosip.kernel.smsserviceprovider.mtn.constant,SmsExceptionConstant,0,69,0,0,0,10,0,4,0,4
kernel-smsserviceprovider-mtn,io.mosip.kernel.smsserviceprovider.mtn.constant,SmsPropertyConstant,0,180,0,0,0,19,0,3,0,3
kernel-smsserviceprovider-mtn,io.mosip.kernel.smsserviceprovider.mtn.exception,ApiExceptionHandler,255,3,8,0,54,1,12,1,8,1
